<?xml version="1.0" encoding="UTF-8"?>
<!-- Generated by org.testng.reporters.JUnitReportReporter -->
<testsuite hostname="DESKTOP-N2K5CS5" failures="0" tests="3" name="org.stepdefinition.CrossBrowserTest" time="72.435" errors="0" timestamp="22 Sep 2024 19:23:51 GMT" skipped="0">
  <testcase classname="org.stepdefinition.CrossBrowserTest" name="tc1" time="20.889"/>
  <testcase classname="org.stepdefinition.CrossBrowserTest" name="tc1" time="24.365"/>
  <testcase classname="org.stepdefinition.CrossBrowserTest" name="tc1" time="27.181"/>
</testsuite> <!-- org.stepdefinition.CrossBrowserTest -->
